2022-11-19 11:04:53,370 INFO 82 channels found for processing.
2022-11-19 11:04:53,372 INFO Stream # 1: P-1
2022-11-19 11:04:53,633 INFO normalized prediction error: 0.16
2022-11-19 11:04:54,227 INFO Channel Stats: TP: 0  FP: 0  FN: 3
2022-11-19 11:04:54,228 INFO Total true positives: 0
2022-11-19 11:04:54,228 INFO Total false positives: 0
2022-11-19 11:04:54,228 INFO Total false negatives: 3

2022-11-19 11:04:54,238 INFO Stream # 2: S-1
2022-11-19 11:04:54,537 INFO normalized prediction error: 0.20
2022-11-19 11:04:55,208 INFO Channel Stats: TP: 1  FP: 0  FN: 0
2022-11-19 11:04:55,208 INFO Total true positives: 1
2022-11-19 11:04:55,208 INFO Total false positives: 0
2022-11-19 11:04:55,209 INFO Total false negatives: 3

2022-11-19 11:04:55,213 INFO Stream # 3: E-1
2022-11-19 11:04:55,539 INFO normalized prediction error: 0.17
2022-11-19 11:04:56,031 INFO Channel Stats: TP: 2  FP: 0  FN: 0
2022-11-19 11:04:56,031 INFO Total true positives: 3
2022-11-19 11:04:56,031 INFO Total false positives: 0
2022-11-19 11:04:56,032 INFO Total false negatives: 3

2022-11-19 11:04:56,038 INFO Stream # 4: E-2
2022-11-19 11:04:56,298 INFO normalized prediction error: 0.08
2022-11-19 11:04:56,929 INFO Channel Stats: TP: 1  FP: 1  FN: 0
2022-11-19 11:04:56,929 INFO Total true positives: 4
2022-11-19 11:04:56,930 INFO Total false positives: 1
2022-11-19 11:04:56,930 INFO Total false negatives: 3

2022-11-19 11:04:56,936 INFO Stream # 5: E-3
2022-11-19 11:04:57,255 INFO normalized prediction error: 0.07
2022-11-19 11:04:57,626 INFO Channel Stats: TP: 1  FP: 0  FN: 0
2022-11-19 11:04:57,627 INFO Total true positives: 5
2022-11-19 11:04:57,627 INFO Total false positives: 1
2022-11-19 11:04:57,629 INFO Total false negatives: 3

2022-11-19 11:04:57,639 INFO Stream # 6: E-4
2022-11-19 11:04:57,895 INFO normalized prediction error: 0.08
2022-11-19 11:04:58,288 INFO Channel Stats: TP: 0  FP: 1  FN: 1
2022-11-19 11:04:58,289 INFO Total true positives: 5
2022-11-19 11:04:58,289 INFO Total false positives: 2
2022-11-19 11:04:58,290 INFO Total false negatives: 4

2022-11-19 11:04:58,296 INFO Stream # 7: E-5
2022-11-19 11:04:58,568 INFO normalized prediction error: 0.19
2022-11-19 11:04:59,024 INFO Channel Stats: TP: 0  FP: 0  FN: 1
2022-11-19 11:04:59,025 INFO Total true positives: 5
2022-11-19 11:04:59,025 INFO Total false positives: 2
2022-11-19 11:04:59,026 INFO Total false negatives: 5

2022-11-19 11:04:59,033 INFO Stream # 8: E-6
2022-11-19 11:04:59,316 INFO normalized prediction error: 0.15
2022-11-19 11:04:59,980 INFO Channel Stats: TP: 1  FP: 0  FN: 0
2022-11-19 11:04:59,981 INFO Total true positives: 6
2022-11-19 11:04:59,981 INFO Total false positives: 2
2022-11-19 11:04:59,982 INFO Total false negatives: 5

2022-11-19 11:04:59,986 INFO Stream # 9: E-7
2022-11-19 11:05:00,292 INFO normalized prediction error: 0.11
2022-11-19 11:05:00,970 INFO Channel Stats: TP: 1  FP: 0  FN: 0
2022-11-19 11:05:00,971 INFO Total true positives: 7
2022-11-19 11:05:00,971 INFO Total false positives: 2
2022-11-19 11:05:00,971 INFO Total false negatives: 5

2022-11-19 11:05:00,978 INFO Stream # 10: E-8
2022-11-19 11:05:01,465 INFO normalized prediction error: 0.13
2022-11-19 11:05:02,120 INFO Channel Stats: TP: 1  FP: 0  FN: 0
2022-11-19 11:05:02,121 INFO Total true positives: 8
2022-11-19 11:05:02,121 INFO Total false positives: 2
2022-11-19 11:05:02,122 INFO Total false negatives: 5

2022-11-19 11:05:02,129 INFO Stream # 11: E-9
2022-11-19 11:05:02,444 INFO normalized prediction error: 0.09
2022-11-19 11:05:02,877 INFO Channel Stats: TP: 0  FP: 0  FN: 1
2022-11-19 11:05:02,878 INFO Total true positives: 8
2022-11-19 11:05:02,879 INFO Total false positives: 2
2022-11-19 11:05:02,879 INFO Total false negatives: 6

2022-11-19 11:05:02,886 INFO Stream # 12: E-10
2022-11-19 11:05:03,147 INFO normalized prediction error: 0.21
2022-11-19 11:05:03,690 INFO Channel Stats: TP: 1  FP: 0  FN: 1
2022-11-19 11:05:03,691 INFO Total true positives: 9
2022-11-19 11:05:03,691 INFO Total false positives: 2
2022-11-19 11:05:03,691 INFO Total false negatives: 7

2022-11-19 11:05:03,697 INFO Stream # 13: E-11
2022-11-19 11:05:03,948 INFO normalized prediction error: 0.18
2022-11-19 11:05:04,478 INFO Channel Stats: TP: 2  FP: 1  FN: 0
2022-11-19 11:05:04,479 INFO Total true positives: 11
2022-11-19 11:05:04,479 INFO Total false positives: 3
2022-11-19 11:05:04,479 INFO Total false negatives: 7

2022-11-19 11:05:04,486 INFO Stream # 14: E-12
2022-11-19 11:05:04,743 INFO normalized prediction error: 0.16
2022-11-19 11:05:05,211 INFO Channel Stats: TP: 2  FP: 1  FN: 0
2022-11-19 11:05:05,212 INFO Total true positives: 13
2022-11-19 11:05:05,213 INFO Total false positives: 4
2022-11-19 11:05:05,213 INFO Total false negatives: 7

2022-11-19 11:05:05,220 INFO Stream # 15: E-13
2022-11-19 11:05:05,479 INFO normalized prediction error: 0.12
2022-11-19 11:05:05,896 INFO Channel Stats: TP: 1  FP: 0  FN: 2
2022-11-19 11:05:05,897 INFO Total true positives: 14
2022-11-19 11:05:05,898 INFO Total false positives: 4
2022-11-19 11:05:05,899 INFO Total false negatives: 9

2022-11-19 11:05:05,908 INFO Stream # 16: A-1
2022-11-19 11:05:06,216 INFO normalized prediction error: 0.14
2022-11-19 11:05:06,696 INFO Channel Stats: TP: 0  FP: 0  FN: 1
2022-11-19 11:05:06,696 INFO Total true positives: 14
2022-11-19 11:05:06,697 INFO Total false positives: 4
2022-11-19 11:05:06,697 INFO Total false negatives: 10

2022-11-19 11:05:06,707 INFO Stream # 17: D-1
2022-11-19 11:05:06,975 INFO normalized prediction error: 0.20
2022-11-19 11:05:07,504 INFO Channel Stats: TP: 1  FP: 0  FN: 0
2022-11-19 11:05:07,505 INFO Total true positives: 15
2022-11-19 11:05:07,506 INFO Total false positives: 4
2022-11-19 11:05:07,506 INFO Total false negatives: 10

2022-11-19 11:05:07,515 INFO Stream # 18: P-2
2022-11-19 11:05:07,802 INFO normalized prediction error: 0.10
2022-11-19 11:05:08,242 INFO Channel Stats: TP: 1  FP: 0  FN: 0
2022-11-19 11:05:08,243 INFO Total true positives: 16
2022-11-19 11:05:08,243 INFO Total false positives: 4
2022-11-19 11:05:08,243 INFO Total false negatives: 10

2022-11-19 11:05:08,250 INFO Stream # 19: P-3
2022-11-19 11:05:08,529 INFO normalized prediction error: 0.05
2022-11-19 11:05:09,053 INFO Channel Stats: TP: 1  FP: 0  FN: 0
2022-11-19 11:05:09,054 INFO Total true positives: 17
2022-11-19 11:05:09,054 INFO Total false positives: 4
2022-11-19 11:05:09,054 INFO Total false negatives: 10

2022-11-19 11:05:09,062 INFO Stream # 20: D-2
2022-11-19 11:05:09,316 INFO normalized prediction error: 0.61
2022-11-19 11:05:09,822 INFO Channel Stats: TP: 1  FP: 0  FN: 0
2022-11-19 11:05:09,823 INFO Total true positives: 18
2022-11-19 11:05:09,823 INFO Total false positives: 4
2022-11-19 11:05:09,824 INFO Total false negatives: 10

2022-11-19 11:05:09,833 INFO Stream # 21: D-3
2022-11-19 11:05:10,105 INFO normalized prediction error: 0.18
2022-11-19 11:05:10,559 INFO Channel Stats: TP: 1  FP: 0  FN: 0
2022-11-19 11:05:10,560 INFO Total true positives: 19
2022-11-19 11:05:10,561 INFO Total false positives: 4
2022-11-19 11:05:10,562 INFO Total false negatives: 10

2022-11-19 11:05:10,572 INFO Stream # 22: D-4
2022-11-19 11:05:10,835 INFO normalized prediction error: 0.19
2022-11-19 11:05:11,339 INFO Channel Stats: TP: 1  FP: 0  FN: 0
2022-11-19 11:05:11,339 INFO Total true positives: 20
2022-11-19 11:05:11,340 INFO Total false positives: 4
2022-11-19 11:05:11,340 INFO Total false negatives: 10

2022-11-19 11:05:11,351 INFO Stream # 23: A-2
2022-11-19 11:05:11,598 INFO normalized prediction error: 0.10
2022-11-19 11:05:12,218 INFO Channel Stats: TP: 1  FP: 1  FN: 0
2022-11-19 11:05:12,219 INFO Total true positives: 21
2022-11-19 11:05:12,220 INFO Total false positives: 5
2022-11-19 11:05:12,220 INFO Total false negatives: 10

2022-11-19 11:05:12,227 INFO Stream # 24: A-3
2022-11-19 11:05:12,509 INFO normalized prediction error: 0.11
2022-11-19 11:05:13,074 INFO Channel Stats: TP: 1  FP: 1  FN: 0
2022-11-19 11:05:13,075 INFO Total true positives: 22
2022-11-19 11:05:13,075 INFO Total false positives: 6
2022-11-19 11:05:13,076 INFO Total false negatives: 10

2022-11-19 11:05:13,091 INFO Stream # 25: A-4
2022-11-19 11:05:13,416 INFO normalized prediction error: 0.08
2022-11-19 11:05:14,086 INFO Channel Stats: TP: 1  FP: 0  FN: 0
2022-11-19 11:05:14,087 INFO Total true positives: 23
2022-11-19 11:05:14,087 INFO Total false positives: 6
2022-11-19 11:05:14,087 INFO Total false negatives: 10

2022-11-19 11:05:14,097 INFO Stream # 26: G-1
2022-11-19 11:05:14,375 INFO normalized prediction error: 0.07
2022-11-19 11:05:14,804 INFO Channel Stats: TP: 0  FP: 2  FN: 1
2022-11-19 11:05:14,805 INFO Total true positives: 23
2022-11-19 11:05:14,805 INFO Total false positives: 8
2022-11-19 11:05:14,806 INFO Total false negatives: 11

2022-11-19 11:05:14,822 INFO Stream # 27: G-2
2022-11-19 11:05:15,072 INFO normalized prediction error: 0.09
2022-11-19 11:05:15,548 INFO Channel Stats: TP: 0  FP: 0  FN: 1
2022-11-19 11:05:15,549 INFO Total true positives: 23
2022-11-19 11:05:15,549 INFO Total false positives: 8
2022-11-19 11:05:15,549 INFO Total false negatives: 12

2022-11-19 11:05:15,559 INFO Stream # 28: D-5
2022-11-19 11:05:15,809 INFO normalized prediction error: 0.99
2022-11-19 11:05:16,235 INFO Channel Stats: TP: 0  FP: 0  FN: 1
2022-11-19 11:05:16,236 INFO Total true positives: 23
2022-11-19 11:05:16,236 INFO Total false positives: 8
2022-11-19 11:05:16,237 INFO Total false negatives: 13

2022-11-19 11:05:16,251 INFO Stream # 29: D-6
2022-11-19 11:05:16,498 INFO normalized prediction error: 0.14
2022-11-19 11:05:16,905 INFO Channel Stats: TP: 1  FP: 0  FN: 0
2022-11-19 11:05:16,905 INFO Total true positives: 24
2022-11-19 11:05:16,906 INFO Total false positives: 8
2022-11-19 11:05:16,907 INFO Total false negatives: 13

2022-11-19 11:05:16,914 INFO Stream # 30: D-7
2022-11-19 11:05:17,167 INFO normalized prediction error: 0.22
2022-11-19 11:05:17,662 INFO Channel Stats: TP: 1  FP: 1  FN: 0
2022-11-19 11:05:17,662 INFO Total true positives: 25
2022-11-19 11:05:17,663 INFO Total false positives: 9
2022-11-19 11:05:17,664 INFO Total false negatives: 13

2022-11-19 11:05:17,678 INFO Stream # 31: F-1
2022-11-19 11:05:17,931 INFO normalized prediction error: 0.11
2022-11-19 11:05:18,820 INFO Channel Stats: TP: 0  FP: 0  FN: 1
2022-11-19 11:05:18,820 INFO Total true positives: 25
2022-11-19 11:05:18,821 INFO Total false positives: 9
2022-11-19 11:05:18,823 INFO Total false negatives: 14

2022-11-19 11:05:18,830 INFO Stream # 32: P-4
2022-11-19 11:05:19,276 INFO normalized prediction error: 0.05
2022-11-19 11:05:20,366 INFO Channel Stats: TP: 2  FP: 0  FN: 1
2022-11-19 11:05:20,366 INFO Total true positives: 27
2022-11-19 11:05:20,367 INFO Total false positives: 9
2022-11-19 11:05:20,367 INFO Total false negatives: 15

2022-11-19 11:05:20,380 INFO Stream # 33: G-3
2022-11-19 11:05:20,624 INFO normalized prediction error: 0.06
2022-11-19 11:05:20,992 INFO Channel Stats: TP: 0  FP: 0  FN: 1
2022-11-19 11:05:20,993 INFO Total true positives: 27
2022-11-19 11:05:20,994 INFO Total false positives: 9
2022-11-19 11:05:20,994 INFO Total false negatives: 16

2022-11-19 11:05:21,007 INFO Stream # 34: T-1
2022-11-19 11:05:21,314 INFO normalized prediction error: 0.06
2022-11-19 11:05:22,171 INFO Channel Stats: TP: 1  FP: 0  FN: 1
2022-11-19 11:05:22,171 INFO Total true positives: 28
2022-11-19 11:05:22,172 INFO Total false positives: 9
2022-11-19 11:05:22,172 INFO Total false negatives: 17

2022-11-19 11:05:22,183 INFO Stream # 35: T-2
2022-11-19 11:05:22,447 INFO normalized prediction error: 0.07
2022-11-19 11:05:23,418 INFO Channel Stats: TP: 0  FP: 0  FN: 1
2022-11-19 11:05:23,418 INFO Total true positives: 28
2022-11-19 11:05:23,418 INFO Total false positives: 9
2022-11-19 11:05:23,419 INFO Total false negatives: 18

2022-11-19 11:05:23,442 INFO Stream # 36: D-8
2022-11-19 11:05:23,789 INFO normalized prediction error: 0.11
2022-11-19 11:05:32,049 INFO Channel Stats: TP: 0  FP: 0  FN: 1
2022-11-19 11:05:32,050 INFO Total true positives: 28
2022-11-19 11:05:32,050 INFO Total false positives: 9
2022-11-19 11:05:32,051 INFO Total false negatives: 19

2022-11-19 11:05:32,065 INFO Stream # 37: D-9
2022-11-19 11:05:32,299 INFO normalized prediction error: 0.16
2022-11-19 11:06:21,769 INFO Channel Stats: TP: 1  FP: 0  FN: 0
2022-11-19 11:06:21,770 INFO Total true positives: 29
2022-11-19 11:06:21,771 INFO Total false positives: 9
2022-11-19 11:06:21,771 INFO Total false negatives: 19

2022-11-19 11:06:21,782 INFO Stream # 38: F-2
2022-11-19 11:06:22,042 INFO normalized prediction error: 0.09
2022-11-19 11:06:22,583 INFO Channel Stats: TP: 1  FP: 0  FN: 0
2022-11-19 11:06:22,585 INFO Total true positives: 30
2022-11-19 11:06:22,585 INFO Total false positives: 9
2022-11-19 11:06:22,585 INFO Total false negatives: 19

2022-11-19 11:06:22,593 INFO Stream # 39: G-4
2022-11-19 11:06:22,859 INFO normalized prediction error: 0.06
2022-11-19 11:06:23,359 INFO Channel Stats: TP: 1  FP: 0  FN: 0
2022-11-19 11:06:23,360 INFO Total true positives: 31
2022-11-19 11:06:23,360 INFO Total false positives: 9
2022-11-19 11:06:23,361 INFO Total false negatives: 19

2022-11-19 11:06:23,369 INFO Stream # 40: T-3
2022-11-19 11:06:23,621 INFO normalized prediction error: 0.08
2022-11-19 11:06:24,162 INFO Channel Stats: TP: 1  FP: 0  FN: 1
2022-11-19 11:06:24,163 INFO Total true positives: 32
2022-11-19 11:06:24,164 INFO Total false positives: 9
2022-11-19 11:06:24,164 INFO Total false negatives: 20

2022-11-19 11:06:24,175 INFO Stream # 41: D-11
2022-11-19 11:06:24,419 INFO normalized prediction error: 0.14
2022-11-19 11:06:24,892 INFO Channel Stats: TP: 1  FP: 0  FN: 0
2022-11-19 11:06:24,893 INFO Total true positives: 33
2022-11-19 11:06:24,894 INFO Total false positives: 9
2022-11-19 11:06:24,895 INFO Total false negatives: 20

2022-11-19 11:06:24,904 INFO Stream # 42: D-12
2022-11-19 11:06:25,090 INFO normalized prediction error: 0.12
2022-11-19 11:06:41,367 INFO Channel Stats: TP: 1  FP: 0  FN: 0
2022-11-19 11:06:41,368 INFO Total true positives: 34
2022-11-19 11:06:41,369 INFO Total false positives: 9
2022-11-19 11:06:41,370 INFO Total false negatives: 20

2022-11-19 11:06:41,377 INFO Stream # 43: B-1
2022-11-19 11:06:41,586 INFO normalized prediction error: 0.43
2022-11-19 11:06:54,244 INFO Channel Stats: TP: 1  FP: 0  FN: 0
2022-11-19 11:06:54,245 INFO Total true positives: 35
2022-11-19 11:06:54,246 INFO Total false positives: 9
2022-11-19 11:06:54,247 INFO Total false negatives: 20

2022-11-19 11:06:54,255 INFO Stream # 44: G-6
2022-11-19 11:06:54,524 INFO normalized prediction error: 0.12
2022-11-19 11:06:55,085 INFO Channel Stats: TP: 1  FP: 0  FN: 0
2022-11-19 11:06:55,086 INFO Total true positives: 36
2022-11-19 11:06:55,086 INFO Total false positives: 9
2022-11-19 11:06:55,087 INFO Total false negatives: 20

2022-11-19 11:06:55,096 INFO Stream # 45: G-7
2022-11-19 11:06:55,330 INFO normalized prediction error: 0.16
2022-11-19 11:06:56,107 INFO Channel Stats: TP: 3  FP: 0  FN: 0
2022-11-19 11:06:56,108 INFO Total true positives: 39
2022-11-19 11:06:56,108 INFO Total false positives: 9
2022-11-19 11:06:56,109 INFO Total false negatives: 20

2022-11-19 11:06:56,117 INFO Stream # 46: P-7
2022-11-19 11:06:56,413 INFO normalized prediction error: 0.05
2022-11-19 11:06:56,841 INFO Channel Stats: TP: 1  FP: 1  FN: 0
2022-11-19 11:06:56,841 INFO Total true positives: 40
2022-11-19 11:06:56,842 INFO Total false positives: 10
2022-11-19 11:06:56,842 INFO Total false negatives: 20

2022-11-19 11:06:56,849 INFO Stream # 47: R-1
2022-11-19 11:06:57,074 INFO normalized prediction error: 0.04
2022-11-19 11:07:01,523 INFO Channel Stats: TP: 1  FP: 0  FN: 0
2022-11-19 11:07:01,524 INFO Total true positives: 41
2022-11-19 11:07:01,525 INFO Total false positives: 10
2022-11-19 11:07:01,525 INFO Total false negatives: 20

2022-11-19 11:07:01,536 INFO Stream # 48: A-5
2022-11-19 11:07:01,757 INFO normalized prediction error: 0.29
2022-11-19 11:07:01,936 INFO Channel Stats: TP: 1  FP: 0  FN: 0
2022-11-19 11:07:01,937 INFO Total true positives: 42
2022-11-19 11:07:01,937 INFO Total false positives: 10
2022-11-19 11:07:01,938 INFO Total false negatives: 20

2022-11-19 11:07:01,949 INFO Stream # 49: A-6
2022-11-19 11:07:02,093 INFO normalized prediction error: 0.05
2022-11-19 11:07:02,386 INFO Channel Stats: TP: 1  FP: 0  FN: 0
2022-11-19 11:07:02,387 INFO Total true positives: 43
2022-11-19 11:07:02,387 INFO Total false positives: 10
2022-11-19 11:07:02,388 INFO Total false negatives: 20

2022-11-19 11:07:02,397 INFO Stream # 50: A-7
2022-11-19 11:07:02,637 INFO normalized prediction error: 0.13
2022-11-19 11:07:03,181 INFO Channel Stats: TP: 1  FP: 0  FN: 0
2022-11-19 11:07:03,182 INFO Total true positives: 44
2022-11-19 11:07:03,183 INFO Total false positives: 10
2022-11-19 11:07:03,183 INFO Total false negatives: 20

2022-11-19 11:07:03,194 INFO Stream # 51: D-13
2022-11-19 11:07:03,399 INFO normalized prediction error: 1.00
2022-11-19 11:07:03,974 INFO Channel Stats: TP: 1  FP: 0  FN: 0
2022-11-19 11:07:03,975 INFO Total true positives: 45
2022-11-19 11:07:03,976 INFO Total false positives: 10
2022-11-19 11:07:03,976 INFO Total false negatives: 20

2022-11-19 11:07:03,987 INFO Stream # 52: P-2
2022-11-19 11:07:04,224 INFO normalized prediction error: 0.10
2022-11-19 11:07:04,584 INFO Channel Stats: TP: 1  FP: 0  FN: 0
2022-11-19 11:07:04,585 INFO Total true positives: 46
2022-11-19 11:07:04,586 INFO Total false positives: 10
2022-11-19 11:07:04,586 INFO Total false negatives: 20

2022-11-19 11:07:04,595 INFO Stream # 53: A-8
2022-11-19 11:07:04,808 INFO normalized prediction error: 0.13
2022-11-19 11:07:05,215 INFO Channel Stats: TP: 1  FP: 0  FN: 0
2022-11-19 11:07:05,217 INFO Total true positives: 47
2022-11-19 11:07:05,217 INFO Total false positives: 10
2022-11-19 11:07:05,217 INFO Total false negatives: 20

2022-11-19 11:07:05,228 INFO Stream # 54: A-9
2022-11-19 11:07:05,427 INFO normalized prediction error: 0.11
2022-11-19 11:07:05,839 INFO Channel Stats: TP: 1  FP: 1  FN: 0
2022-11-19 11:07:05,841 INFO Total true positives: 48
2022-11-19 11:07:05,841 INFO Total false positives: 11
2022-11-19 11:07:05,841 INFO Total false negatives: 20

2022-11-19 11:07:05,853 INFO Stream # 55: F-3
2022-11-19 11:07:06,109 INFO normalized prediction error: 0.04
2022-11-19 11:07:06,455 INFO Channel Stats: TP: 0  FP: 0  FN: 1
2022-11-19 11:07:06,455 INFO Total true positives: 48
2022-11-19 11:07:06,456 INFO Total false positives: 11
2022-11-19 11:07:06,456 INFO Total false negatives: 21

2022-11-19 11:07:06,468 INFO Stream # 56: M-6
2022-11-19 11:07:06,680 INFO normalized prediction error: 0.10
2022-11-19 11:07:06,695 INFO Channel Stats: TP: 1  FP: 0  FN: 0
2022-11-19 11:07:06,696 INFO Total true positives: 49
2022-11-19 11:07:06,697 INFO Total false positives: 11
2022-11-19 11:07:06,698 INFO Total false negatives: 21

2022-11-19 11:07:06,709 INFO Stream # 57: M-1
2022-11-19 11:07:06,935 INFO normalized prediction error: 0.10
2022-11-19 11:07:06,940 INFO Channel Stats: TP: 0  FP: 0  FN: 1
2022-11-19 11:07:06,941 INFO Total true positives: 49
2022-11-19 11:07:06,941 INFO Total false positives: 11
2022-11-19 11:07:06,942 INFO Total false negatives: 22

2022-11-19 11:07:06,957 INFO Stream # 58: M-2
2022-11-19 11:07:07,242 INFO normalized prediction error: 0.24
2022-11-19 11:07:07,249 INFO Channel Stats: TP: 0  FP: 0  FN: 1
2022-11-19 11:07:07,250 INFO Total true positives: 49
2022-11-19 11:07:07,250 INFO Total false positives: 11
2022-11-19 11:07:07,252 INFO Total false negatives: 23

2022-11-19 11:07:07,263 INFO Stream # 59: S-2
2022-11-19 11:07:07,441 INFO normalized prediction error: 0.12
2022-11-19 11:07:07,455 INFO Channel Stats: TP: 1  FP: 0  FN: 0
2022-11-19 11:07:07,456 INFO Total true positives: 50
2022-11-19 11:07:07,457 INFO Total false positives: 11
2022-11-19 11:07:07,458 INFO Total false negatives: 23

2022-11-19 11:07:07,470 INFO Stream # 60: P-10
2022-11-19 11:07:07,926 INFO normalized prediction error: 0.29
2022-11-19 11:07:08,270 INFO Channel Stats: TP: 1  FP: 0  FN: 0
2022-11-19 11:07:08,270 INFO Total true positives: 51
2022-11-19 11:07:08,271 INFO Total false positives: 11
2022-11-19 11:07:08,271 INFO Total false negatives: 23

2022-11-19 11:07:08,286 INFO Stream # 61: T-4
2022-11-19 11:07:08,617 INFO normalized prediction error: 0.18
2022-11-19 11:07:08,624 INFO Channel Stats: TP: 0  FP: 0  FN: 1
2022-11-19 11:07:08,625 INFO Total true positives: 51
2022-11-19 11:07:08,626 INFO Total false positives: 11
2022-11-19 11:07:08,627 INFO Total false negatives: 24

2022-11-19 11:07:08,644 INFO Stream # 62: T-5
2022-11-19 11:07:08,884 INFO normalized prediction error: 0.10
2022-11-19 11:07:08,904 INFO Channel Stats: TP: 1  FP: 0  FN: 0
2022-11-19 11:07:08,905 INFO Total true positives: 52
2022-11-19 11:07:08,905 INFO Total false positives: 11
2022-11-19 11:07:08,905 INFO Total false negatives: 24

2022-11-19 11:07:08,919 INFO Stream # 63: F-7
2022-11-19 11:07:09,303 INFO normalized prediction error: 0.23
2022-11-19 11:07:09,501 INFO Channel Stats: TP: 0  FP: 0  FN: 3
2022-11-19 11:07:09,502 INFO Total true positives: 52
2022-11-19 11:07:09,503 INFO Total false positives: 11
2022-11-19 11:07:09,503 INFO Total false negatives: 27

2022-11-19 11:07:09,515 INFO Stream # 64: M-3
2022-11-19 11:07:09,878 INFO normalized prediction error: 0.11
2022-11-19 11:07:09,890 INFO Channel Stats: TP: 1  FP: 0  FN: 0
2022-11-19 11:07:09,892 INFO Total true positives: 53
2022-11-19 11:07:09,893 INFO Total false positives: 11
2022-11-19 11:07:09,894 INFO Total false negatives: 27

2022-11-19 11:07:09,909 INFO Stream # 65: M-4
2022-11-19 11:07:10,147 INFO normalized prediction error: 0.15
2022-11-19 11:07:10,158 INFO Channel Stats: TP: 1  FP: 0  FN: 0
2022-11-19 11:07:10,160 INFO Total true positives: 54
2022-11-19 11:07:10,161 INFO Total false positives: 11
2022-11-19 11:07:10,163 INFO Total false negatives: 27

2022-11-19 11:07:10,175 INFO Stream # 66: M-5
2022-11-19 11:07:10,401 INFO normalized prediction error: 0.15
2022-11-19 11:07:10,412 INFO Channel Stats: TP: 0  FP: 1  FN: 1
2022-11-19 11:07:10,414 INFO Total true positives: 54
2022-11-19 11:07:10,415 INFO Total false positives: 12
2022-11-19 11:07:10,417 INFO Total false negatives: 28

2022-11-19 11:07:10,432 INFO Stream # 67: P-15
2022-11-19 11:07:10,773 INFO normalized prediction error: 0.48
2022-11-19 11:07:10,829 INFO Channel Stats: TP: 0  FP: 0  FN: 1
2022-11-19 11:07:10,830 INFO Total true positives: 54
2022-11-19 11:07:10,831 INFO Total false positives: 12
2022-11-19 11:07:10,831 INFO Total false negatives: 29

2022-11-19 11:07:10,844 INFO Stream # 68: C-1
2022-11-19 11:07:11,251 INFO normalized prediction error: 0.11
2022-11-19 11:07:11,268 INFO Channel Stats: TP: 1  FP: 0  FN: 1
2022-11-19 11:07:11,269 INFO Total true positives: 55
2022-11-19 11:07:11,270 INFO Total false positives: 12
2022-11-19 11:07:11,270 INFO Total false negatives: 30

2022-11-19 11:07:11,287 INFO Stream # 69: C-2
2022-11-19 11:07:11,447 INFO normalized prediction error: 0.17
2022-11-19 11:07:11,458 INFO Channel Stats: TP: 1  FP: 0  FN: 1
2022-11-19 11:07:11,459 INFO Total true positives: 56
2022-11-19 11:07:11,460 INFO Total false positives: 12
2022-11-19 11:07:11,461 INFO Total false negatives: 31

2022-11-19 11:07:11,479 INFO Stream # 70: T-12
2022-11-19 11:07:11,634 INFO normalized prediction error: 0.10
2022-11-19 11:07:11,648 INFO Channel Stats: TP: 0  FP: 0  FN: 1
2022-11-19 11:07:11,650 INFO Total true positives: 56
2022-11-19 11:07:11,650 INFO Total false positives: 12
2022-11-19 11:07:11,651 INFO Total false negatives: 32

2022-11-19 11:07:11,668 INFO Stream # 71: T-13
2022-11-19 11:07:11,842 INFO normalized prediction error: 0.10
2022-11-19 11:07:11,853 INFO Channel Stats: TP: 0  FP: 0  FN: 2
2022-11-19 11:07:11,854 INFO Total true positives: 56
2022-11-19 11:07:11,855 INFO Total false positives: 12
2022-11-19 11:07:11,856 INFO Total false negatives: 34

2022-11-19 11:07:11,869 INFO Stream # 72: F-4
2022-11-19 11:07:12,154 INFO normalized prediction error: 0.11
2022-11-19 11:07:12,300 INFO Channel Stats: TP: 0  FP: 1  FN: 1
2022-11-19 11:07:12,301 INFO Total true positives: 56
2022-11-19 11:07:12,301 INFO Total false positives: 13
2022-11-19 11:07:12,302 INFO Total false negatives: 35

2022-11-19 11:07:12,320 INFO Stream # 73: F-5
2022-11-19 11:07:12,634 INFO normalized prediction error: 0.04
2022-11-19 11:07:12,866 INFO Channel Stats: TP: 1  FP: 0  FN: 0
2022-11-19 11:07:12,867 INFO Total true positives: 57
2022-11-19 11:07:12,867 INFO Total false positives: 13
2022-11-19 11:07:12,868 INFO Total false negatives: 35

2022-11-19 11:07:12,883 INFO Stream # 74: D-14
2022-11-19 11:07:13,300 INFO normalized prediction error: 0.13
2022-11-19 11:07:13,379 INFO Channel Stats: TP: 1  FP: 0  FN: 1
2022-11-19 11:07:13,380 INFO Total true positives: 58
2022-11-19 11:07:13,380 INFO Total false positives: 13
2022-11-19 11:07:13,380 INFO Total false negatives: 36

2022-11-19 11:07:13,389 INFO Stream # 75: T-9
2022-11-19 11:07:13,542 INFO normalized prediction error: 0.19
2022-11-19 11:07:13,547 INFO Channel Stats: TP: 0  FP: 0  FN: 2
2022-11-19 11:07:13,548 INFO Total true positives: 58
2022-11-19 11:07:13,549 INFO Total false positives: 13
2022-11-19 11:07:13,550 INFO Total false negatives: 38

2022-11-19 11:07:13,565 INFO Stream # 76: P-14
2022-11-19 11:07:13,958 INFO normalized prediction error: 0.28
2022-11-19 11:07:14,316 INFO Channel Stats: TP: 1  FP: 0  FN: 0
2022-11-19 11:07:14,317 INFO Total true positives: 59
2022-11-19 11:07:14,317 INFO Total false positives: 13
2022-11-19 11:07:14,318 INFO Total false negatives: 38

2022-11-19 11:07:14,328 INFO Stream # 77: T-8
2022-11-19 11:07:14,513 INFO normalized prediction error: 0.10
2022-11-19 11:07:14,520 INFO Channel Stats: TP: 0  FP: 0  FN: 2
2022-11-19 11:07:14,522 INFO Total true positives: 59
2022-11-19 11:07:14,523 INFO Total false positives: 13
2022-11-19 11:07:14,523 INFO Total false negatives: 40

2022-11-19 11:07:14,539 INFO Stream # 78: P-11
2022-11-19 11:07:14,893 INFO normalized prediction error: 0.04
2022-11-19 11:07:15,084 INFO Channel Stats: TP: 1  FP: 0  FN: 1
2022-11-19 11:07:15,085 INFO Total true positives: 60
2022-11-19 11:07:15,085 INFO Total false positives: 13
2022-11-19 11:07:15,085 INFO Total false negatives: 41

2022-11-19 11:07:15,098 INFO Stream # 79: D-15
2022-11-19 11:07:15,367 INFO normalized prediction error: 0.26
2022-11-19 11:07:15,373 INFO Channel Stats: TP: 0  FP: 0  FN: 1
2022-11-19 11:07:15,374 INFO Total true positives: 60
2022-11-19 11:07:15,376 INFO Total false positives: 13
2022-11-19 11:07:15,376 INFO Total false negatives: 42

2022-11-19 11:07:15,393 INFO Stream # 80: D-16
2022-11-19 11:07:15,620 INFO normalized prediction error: 0.20
2022-11-19 11:07:15,638 INFO Channel Stats: TP: 1  FP: 0  FN: 0
2022-11-19 11:07:15,639 INFO Total true positives: 61
2022-11-19 11:07:15,640 INFO Total false positives: 13
2022-11-19 11:07:15,640 INFO Total false negatives: 42

2022-11-19 11:07:15,653 INFO Stream # 81: M-7
2022-11-19 11:07:15,851 INFO normalized prediction error: 0.15
2022-11-19 11:07:15,865 INFO Channel Stats: TP: 1  FP: 0  FN: 0
2022-11-19 11:07:15,866 INFO Total true positives: 62
2022-11-19 11:07:15,867 INFO Total false positives: 13
2022-11-19 11:07:15,867 INFO Total false negatives: 42

2022-11-19 11:07:15,877 INFO Stream # 82: F-8
2022-11-19 11:07:16,284 INFO normalized prediction error: 0.15
2022-11-19 11:07:16,344 INFO Channel Stats: TP: 1  FP: 0  FN: 0
2022-11-19 11:07:16,345 INFO Total true positives: 63
2022-11-19 11:07:16,346 INFO Total false positives: 13
2022-11-19 11:07:16,347 INFO Total false negatives: 42

2022-11-19 11:07:16,397 INFO Final Totals:
2022-11-19 11:07:16,399 INFO -----------------
2022-11-19 11:07:16,400 INFO True Positives: 63
2022-11-19 11:07:16,401 INFO False Positives: 13
2022-11-19 11:07:16,402 INFO False Negatives: 42

2022-11-19 11:07:16,403 INFO Precision: 0.83
2022-11-19 11:07:16,405 INFO Recall: 0.60
